<?xml version="1.0" encoding="UTF-8"?>
<testng-results ignored="0" total="1" passed="1" failed="0" skipped="0">
  <reporter-output>
  </reporter-output>
  <suite started-at="2023-09-22T19:25:15 IST" name="Suite1" finished-at="2023-09-22T19:25:46 IST" duration-ms="30802">
    <groups>
    </groups>
    <test started-at="2023-09-22T19:25:15 IST" name="Test1" finished-at="2023-09-22T19:25:46 IST" duration-ms="30802">
      <class name="MINT.TestNGDemo_1">
        <test-method is-config="true" signature="setupTest()[pri:0, instance:MINT.TestNGDemo_1@4f6ee6e4]" started-at="2023-09-22T19:25:15 IST" name="setupTest" finished-at="2023-09-22T19:25:28 IST" duration-ms="13507" status="PASS">
          <reporter-output>
          </reporter-output>
        </test-method> <!-- setupTest -->
        <test-method signature="login()[pri:0, instance:MINT.TestNGDemo_1@4f6ee6e4]" started-at="2023-09-22T19:25:29 IST" name="login" finished-at="2023-09-22T19:25:29 IST" duration-ms="782" status="PASS">
          <reporter-output>
          </reporter-output>
        </test-method> <!-- login -->
        <test-method is-config="true" signature="session()[pri:0, instance:MINT.TestNGDemo_1@4f6ee6e4]" started-at="2023-09-22T19:25:29 IST" name="session" finished-at="2023-09-22T19:25:46 IST" duration-ms="16434" status="PASS">
          <reporter-output>
          </reporter-output>
        </test-method> <!-- session -->
      </class> <!-- MINT.TestNGDemo_1 -->
    </test> <!-- Test1 -->
  </suite> <!-- Suite1 -->
</testng-results>
